<?xml version="1.0" encoding="UTF-8"?>
<testsuite xmlns:xsi="http://www.w3.org/2001/XMLSchema-instance" xsi:noNamespaceSchemaLocation="https://maven.apache.org/surefire/maven-surefire-plugin/xsd/surefire-test-report.xsd" version="3.0.2" name="com.openclassrooms.tourguide.unitaire.TestPerformance" time="608.128" tests="2" errors="0" skipped="0" failures="0">
  <properties>
    <property name="java.specification.version" value="17"/>
    <property name="sun.jnu.encoding" value="UTF-8"/>
    <property name="java.class.path" value="/home/runner/work/OC_PROJECT_8/OC_PROJECT_8/TourGuide/target/test-classes:/home/runner/work/OC_PROJECT_8/OC_PROJECT_8/TourGuide/target/classes:/home/runner/.m2/repository/org/springframework/boot/spring-boot-starter-actuator/3.4.6/spring-boot-starter-actuator-3.4.6.jar:/home/runner/.m2/repository/org/springframework/boot/spring-boot-starter/3.4.6/spring-boot-starter-3.4.6.jar:/home/runner/.m2/repository/org/springframework/boot/spring-boot/3.4.6/spring-boot-3.4.6.jar:/home/runner/.m2/repository/org/springframework/boot/spring-boot-autoconfigure/3.4.6/spring-boot-autoconfigure-3.4.6.jar:/home/runner/.m2/repository/org/springframework/boot/spring-boot-starter-logging/3.4.6/spring-boot-starter-logging-3.4.6.jar:/home/runner/.m2/repository/ch/qos/logback/logback-classic/1.5.18/logback-classic-1.5.18.jar:/home/runner/.m2/repository/ch/qos/logback/logback-core/1.5.18/logback-core-1.5.18.jar:/home/runner/.m2/repository/org/apache/logging/log4j/log4j-to-slf4j/2.24.3/log4j-to-slf4j-2.24.3.jar:/home/runner/.m2/repository/org/apache/logging/log4j/log4j-api/2.24.3/log4j-api-2.24.3.jar:/home/runner/.m2/repository/org/slf4j/jul-to-slf4j/2.0.17/jul-to-slf4j-2.0.17.jar:/home/runner/.m2/repository/jakarta/annotation/jakarta.annotation-api/2.1.1/jakarta.annotation-api-2.1.1.jar:/home/runner/.m2/repository/org/yaml/snakeyaml/2.3/snakeyaml-2.3.jar:/home/runner/.m2/repository/org/springframework/boot/spring-boot-actuator-autoconfigure/3.4.6/spring-boot-actuator-autoconfigure-3.4.6.jar:/home/runner/.m2/repository/org/springframework/boot/spring-boot-actuator/3.4.6/spring-boot-actuator-3.4.6.jar:/home/runner/.m2/repository/com/fasterxml/jackson/core/jackson-databind/2.18.4/jackson-databind-2.18.4.jar:/home/runner/.m2/repository/com/fasterxml/jackson/core/jackson-annotations/2.18.4/jackson-annotations-2.18.4.jar:/home/runner/.m2/repository/com/fasterxml/jackson/core/jackson-core/2.18.4/jackson-core-2.18.4.jar:/home/runner/.m2/repository/com/fasterxml/jackson/datatype/jackson-datatype-jsr310/2.18.4/jackson-datatype-jsr310-2.18.4.jar:/home/runner/.m2/repository/io/micrometer/micrometer-observation/1.14.7/micrometer-observation-1.14.7.jar:/home/runner/.m2/repository/io/micrometer/micrometer-commons/1.14.7/micrometer-commons-1.14.7.jar:/home/runner/.m2/repository/io/micrometer/micrometer-jakarta9/1.14.7/micrometer-jakarta9-1.14.7.jar:/home/runner/.m2/repository/io/micrometer/micrometer-core/1.14.7/micrometer-core-1.14.7.jar:/home/runner/.m2/repository/org/hdrhistogram/HdrHistogram/2.2.2/HdrHistogram-2.2.2.jar:/home/runner/.m2/repository/org/latencyutils/LatencyUtils/2.0.3/LatencyUtils-2.0.3.jar:/home/runner/.m2/repository/org/springframework/boot/spring-boot-starter-validation/3.4.6/spring-boot-starter-validation-3.4.6.jar:/home/runner/.m2/repository/org/apache/tomcat/embed/tomcat-embed-el/10.1.41/tomcat-embed-el-10.1.41.jar:/home/runner/.m2/repository/org/hibernate/validator/hibernate-validator/8.0.2.Final/hibernate-validator-8.0.2.Final.jar:/home/runner/.m2/repository/jakarta/validation/jakarta.validation-api/3.0.2/jakarta.validation-api-3.0.2.jar:/home/runner/.m2/repository/org/jboss/logging/jboss-logging/3.6.1.Final/jboss-logging-3.6.1.Final.jar:/home/runner/.m2/repository/com/fasterxml/classmate/1.7.0/classmate-1.7.0.jar:/home/runner/.m2/repository/org/springframework/boot/spring-boot-starter-web/3.4.6/spring-boot-starter-web-3.4.6.jar:/home/runner/.m2/repository/org/springframework/boot/spring-boot-starter-json/3.4.6/spring-boot-starter-json-3.4.6.jar:/home/runner/.m2/repository/com/fasterxml/jackson/datatype/jackson-datatype-jdk8/2.18.4/jackson-datatype-jdk8-2.18.4.jar:/home/runner/.m2/repository/com/fasterxml/jackson/module/jackson-module-parameter-names/2.18.4/jackson-module-parameter-names-2.18.4.jar:/home/runner/.m2/repository/org/springframework/boot/spring-boot-starter-tomcat/3.4.6/spring-boot-starter-tomcat-3.4.6.jar:/home/runner/.m2/repository/org/apache/tomcat/embed/tomcat-embed-core/10.1.41/tomcat-embed-core-10.1.41.jar:/home/runner/.m2/repository/org/apache/tomcat/embed/tomcat-embed-websocket/10.1.41/tomcat-embed-websocket-10.1.41.jar:/home/runner/.m2/repository/org/springframework/spring-web/6.2.7/spring-web-6.2.7.jar:/home/runner/.m2/repository/org/springframework/spring-beans/6.2.7/spring-beans-6.2.7.jar:/home/runner/.m2/repository/org/springframework/spring-webmvc/6.2.7/spring-webmvc-6.2.7.jar:/home/runner/.m2/repository/org/springframework/spring-aop/6.2.7/spring-aop-6.2.7.jar:/home/runner/.m2/repository/org/springframework/spring-context/6.2.7/spring-context-6.2.7.jar:/home/runner/.m2/repository/org/springframework/spring-expression/6.2.7/spring-expression-6.2.7.jar:/home/runner/.m2/repository/org/springframework/boot/spring-boot-starter-test/3.4.6/spring-boot-starter-test-3.4.6.jar:/home/runner/.m2/repository/org/springframework/boot/spring-boot-test/3.4.6/spring-boot-test-3.4.6.jar:/home/runner/.m2/repository/org/springframework/boot/spring-boot-test-autoconfigure/3.4.6/spring-boot-test-autoconfigure-3.4.6.jar:/home/runner/.m2/repository/com/jayway/jsonpath/json-path/2.9.0/json-path-2.9.0.jar:/home/runner/.m2/repository/org/slf4j/slf4j-api/2.0.17/slf4j-api-2.0.17.jar:/home/runner/.m2/repository/jakarta/xml/bind/jakarta.xml.bind-api/4.0.2/jakarta.xml.bind-api-4.0.2.jar:/home/runner/.m2/repository/jakarta/activation/jakarta.activation-api/2.1.3/jakarta.activation-api-2.1.3.jar:/home/runner/.m2/repository/net/minidev/json-smart/2.5.2/json-smart-2.5.2.jar:/home/runner/.m2/repository/net/minidev/accessors-smart/2.5.2/accessors-smart-2.5.2.jar:/home/runner/.m2/repository/org/ow2/asm/asm/9.7.1/asm-9.7.1.jar:/home/runner/.m2/repository/org/assertj/assertj-core/3.26.3/assertj-core-3.26.3.jar:/home/runner/.m2/repository/net/bytebuddy/byte-buddy/1.15.11/byte-buddy-1.15.11.jar:/home/runner/.m2/repository/org/awaitility/awaitility/4.2.2/awaitility-4.2.2.jar:/home/runner/.m2/repository/org/hamcrest/hamcrest/2.2/hamcrest-2.2.jar:/home/runner/.m2/repository/org/junit/jupiter/junit-jupiter/5.11.4/junit-jupiter-5.11.4.jar:/home/runner/.m2/repository/org/junit/jupiter/junit-jupiter-params/5.11.4/junit-jupiter-params-5.11.4.jar:/home/runner/.m2/repository/org/junit/jupiter/junit-jupiter-engine/5.11.4/junit-jupiter-engine-5.11.4.jar:/home/runner/.m2/repository/org/junit/platform/junit-platform-engine/1.11.4/junit-platform-engine-1.11.4.jar:/home/runner/.m2/repository/org/mockito/mockito-core/5.14.2/mockito-core-5.14.2.jar:/home/runner/.m2/repository/net/bytebuddy/byte-buddy-agent/1.15.11/byte-buddy-agent-1.15.11.jar:/home/runner/.m2/repository/org/objenesis/objenesis/3.3/objenesis-3.3.jar:/home/runner/.m2/repository/org/mockito/mockito-junit-jupiter/5.14.2/mockito-junit-jupiter-5.14.2.jar:/home/runner/.m2/repository/org/skyscreamer/jsonassert/1.5.3/jsonassert-1.5.3.jar:/home/runner/.m2/repository/com/vaadin/external/google/android-json/0.0.20131108.vaadin1/android-json-0.0.20131108.vaadin1.jar:/home/runner/.m2/repository/org/springframework/spring-core/6.2.7/spring-core-6.2.7.jar:/home/runner/.m2/repository/org/springframework/spring-jcl/6.2.7/spring-jcl-6.2.7.jar:/home/runner/.m2/repository/org/springframework/spring-test/6.2.7/spring-test-6.2.7.jar:/home/runner/.m2/repository/org/xmlunit/xmlunit-core/2.10.1/xmlunit-core-2.10.1.jar:/home/runner/.m2/repository/org/apache/commons/commons-lang3/3.17.0/commons-lang3-3.17.0.jar:/home/runner/.m2/repository/org/junit/jupiter/junit-jupiter-api/5.11.4/junit-jupiter-api-5.11.4.jar:/home/runner/.m2/repository/org/opentest4j/opentest4j/1.3.0/opentest4j-1.3.0.jar:/home/runner/.m2/repository/org/junit/platform/junit-platform-commons/1.11.4/junit-platform-commons-1.11.4.jar:/home/runner/.m2/repository/org/apiguardian/apiguardian-api/1.1.2/apiguardian-api-1.1.2.jar:/home/runner/.m2/repository/gpsUtil/gpsUtil/1.0.0/gpsUtil-1.0.0.jar:/home/runner/.m2/repository/com/google/code/findbugs/jsr305/1.3.9/jsr305-1.3.9.jar:/home/runner/.m2/repository/com/google/errorprone/error_prone_annotations/2.0.18/error_prone_annotations-2.0.18.jar:/home/runner/.m2/repository/com/google/j2objc/j2objc-annotations/1.1/j2objc-annotations-1.1.jar:/home/runner/.m2/repository/org/codehaus/mojo/animal-sniffer-annotations/1.14/animal-sniffer-annotations-1.14.jar:/home/runner/.m2/repository/tripPricer/tripPricer/1.0.0/tripPricer-1.0.0.jar:/home/runner/.m2/repository/rewardCentral/rewardCentral/1.0.0/rewardCentral-1.0.0.jar:/home/runner/.m2/repository/org/projectlombok/lombok/1.18.38/lombok-1.18.38.jar:/home/runner/.m2/repository/com/github/ben-manes/caffeine/caffeine/3.1.8/caffeine-3.1.8.jar:/home/runner/.m2/repository/org/checkerframework/checker-qual/3.37.0/checker-qual-3.37.0.jar:"/>
    <property name="java.vm.vendor" value="Eclipse Adoptium"/>
    <property name="sun.arch.data.model" value="64"/>
    <property name="java.vendor.url" value="https://adoptium.net/"/>
    <property name="user.timezone" value="Etc/UTC"/>
    <property name="org.jboss.logging.provider" value="slf4j"/>
    <property name="os.name" value="Linux"/>
    <property name="java.vm.specification.version" value="17"/>
    <property name="sun.java.launcher" value="SUN_STANDARD"/>
    <property name="sun.boot.library.path" value="/usr/lib/jvm/temurin-17-jdk-amd64/lib"/>
    <property name="sun.java.command" value="/home/runner/work/OC_PROJECT_8/OC_PROJECT_8/TourGuide/target/surefire/surefirebooter-20250619165557185_3.jar /home/runner/work/OC_PROJECT_8/OC_PROJECT_8/TourGuide/target/surefire 2025-06-19T16-55-57_065-jvmRun1 surefire-20250619165557185_1tmp surefire_0-20250619165557185_2tmp"/>
    <property name="jdk.debug" value="release"/>
    <property name="surefire.test.class.path" value="/home/runner/work/OC_PROJECT_8/OC_PROJECT_8/TourGuide/target/test-classes:/home/runner/work/OC_PROJECT_8/OC_PROJECT_8/TourGuide/target/classes:/home/runner/.m2/repository/org/springframework/boot/spring-boot-starter-actuator/3.4.6/spring-boot-starter-actuator-3.4.6.jar:/home/runner/.m2/repository/org/springframework/boot/spring-boot-starter/3.4.6/spring-boot-starter-3.4.6.jar:/home/runner/.m2/repository/org/springframework/boot/spring-boot/3.4.6/spring-boot-3.4.6.jar:/home/runner/.m2/repository/org/springframework/boot/spring-boot-autoconfigure/3.4.6/spring-boot-autoconfigure-3.4.6.jar:/home/runner/.m2/repository/org/springframework/boot/spring-boot-starter-logging/3.4.6/spring-boot-starter-logging-3.4.6.jar:/home/runner/.m2/repository/ch/qos/logback/logback-classic/1.5.18/logback-classic-1.5.18.jar:/home/runner/.m2/repository/ch/qos/logback/logback-core/1.5.18/logback-core-1.5.18.jar:/home/runner/.m2/repository/org/apache/logging/log4j/log4j-to-slf4j/2.24.3/log4j-to-slf4j-2.24.3.jar:/home/runner/.m2/repository/org/apache/logging/log4j/log4j-api/2.24.3/log4j-api-2.24.3.jar:/home/runner/.m2/repository/org/slf4j/jul-to-slf4j/2.0.17/jul-to-slf4j-2.0.17.jar:/home/runner/.m2/repository/jakarta/annotation/jakarta.annotation-api/2.1.1/jakarta.annotation-api-2.1.1.jar:/home/runner/.m2/repository/org/yaml/snakeyaml/2.3/snakeyaml-2.3.jar:/home/runner/.m2/repository/org/springframework/boot/spring-boot-actuator-autoconfigure/3.4.6/spring-boot-actuator-autoconfigure-3.4.6.jar:/home/runner/.m2/repository/org/springframework/boot/spring-boot-actuator/3.4.6/spring-boot-actuator-3.4.6.jar:/home/runner/.m2/repository/com/fasterxml/jackson/core/jackson-databind/2.18.4/jackson-databind-2.18.4.jar:/home/runner/.m2/repository/com/fasterxml/jackson/core/jackson-annotations/2.18.4/jackson-annotations-2.18.4.jar:/home/runner/.m2/repository/com/fasterxml/jackson/core/jackson-core/2.18.4/jackson-core-2.18.4.jar:/home/runner/.m2/repository/com/fasterxml/jackson/datatype/jackson-datatype-jsr310/2.18.4/jackson-datatype-jsr310-2.18.4.jar:/home/runner/.m2/repository/io/micrometer/micrometer-observation/1.14.7/micrometer-observation-1.14.7.jar:/home/runner/.m2/repository/io/micrometer/micrometer-commons/1.14.7/micrometer-commons-1.14.7.jar:/home/runner/.m2/repository/io/micrometer/micrometer-jakarta9/1.14.7/micrometer-jakarta9-1.14.7.jar:/home/runner/.m2/repository/io/micrometer/micrometer-core/1.14.7/micrometer-core-1.14.7.jar:/home/runner/.m2/repository/org/hdrhistogram/HdrHistogram/2.2.2/HdrHistogram-2.2.2.jar:/home/runner/.m2/repository/org/latencyutils/LatencyUtils/2.0.3/LatencyUtils-2.0.3.jar:/home/runner/.m2/repository/org/springframework/boot/spring-boot-starter-validation/3.4.6/spring-boot-starter-validation-3.4.6.jar:/home/runner/.m2/repository/org/apache/tomcat/embed/tomcat-embed-el/10.1.41/tomcat-embed-el-10.1.41.jar:/home/runner/.m2/repository/org/hibernate/validator/hibernate-validator/8.0.2.Final/hibernate-validator-8.0.2.Final.jar:/home/runner/.m2/repository/jakarta/validation/jakarta.validation-api/3.0.2/jakarta.validation-api-3.0.2.jar:/home/runner/.m2/repository/org/jboss/logging/jboss-logging/3.6.1.Final/jboss-logging-3.6.1.Final.jar:/home/runner/.m2/repository/com/fasterxml/classmate/1.7.0/classmate-1.7.0.jar:/home/runner/.m2/repository/org/springframework/boot/spring-boot-starter-web/3.4.6/spring-boot-starter-web-3.4.6.jar:/home/runner/.m2/repository/org/springframework/boot/spring-boot-starter-json/3.4.6/spring-boot-starter-json-3.4.6.jar:/home/runner/.m2/repository/com/fasterxml/jackson/datatype/jackson-datatype-jdk8/2.18.4/jackson-datatype-jdk8-2.18.4.jar:/home/runner/.m2/repository/com/fasterxml/jackson/module/jackson-module-parameter-names/2.18.4/jackson-module-parameter-names-2.18.4.jar:/home/runner/.m2/repository/org/springframework/boot/spring-boot-starter-tomcat/3.4.6/spring-boot-starter-tomcat-3.4.6.jar:/home/runner/.m2/repository/org/apache/tomcat/embed/tomcat-embed-core/10.1.41/tomcat-embed-core-10.1.41.jar:/home/runner/.m2/repository/org/apache/tomcat/embed/tomcat-embed-websocket/10.1.41/tomcat-embed-websocket-10.1.41.jar:/home/runner/.m2/repository/org/springframework/spring-web/6.2.7/spring-web-6.2.7.jar:/home/runner/.m2/repository/org/springframework/spring-beans/6.2.7/spring-beans-6.2.7.jar:/home/runner/.m2/repository/org/springframework/spring-webmvc/6.2.7/spring-webmvc-6.2.7.jar:/home/runner/.m2/repository/org/springframework/spring-aop/6.2.7/spring-aop-6.2.7.jar:/home/runner/.m2/repository/org/springframework/spring-context/6.2.7/spring-context-6.2.7.jar:/home/runner/.m2/repository/org/springframework/spring-expression/6.2.7/spring-expression-6.2.7.jar:/home/runner/.m2/repository/org/springframework/boot/spring-boot-starter-test/3.4.6/spring-boot-starter-test-3.4.6.jar:/home/runner/.m2/repository/org/springframework/boot/spring-boot-test/3.4.6/spring-boot-test-3.4.6.jar:/home/runner/.m2/repository/org/springframework/boot/spring-boot-test-autoconfigure/3.4.6/spring-boot-test-autoconfigure-3.4.6.jar:/home/runner/.m2/repository/com/jayway/jsonpath/json-path/2.9.0/json-path-2.9.0.jar:/home/runner/.m2/repository/org/slf4j/slf4j-api/2.0.17/slf4j-api-2.0.17.jar:/home/runner/.m2/repository/jakarta/xml/bind/jakarta.xml.bind-api/4.0.2/jakarta.xml.bind-api-4.0.2.jar:/home/runner/.m2/repository/jakarta/activation/jakarta.activation-api/2.1.3/jakarta.activation-api-2.1.3.jar:/home/runner/.m2/repository/net/minidev/json-smart/2.5.2/json-smart-2.5.2.jar:/home/runner/.m2/repository/net/minidev/accessors-smart/2.5.2/accessors-smart-2.5.2.jar:/home/runner/.m2/repository/org/ow2/asm/asm/9.7.1/asm-9.7.1.jar:/home/runner/.m2/repository/org/assertj/assertj-core/3.26.3/assertj-core-3.26.3.jar:/home/runner/.m2/repository/net/bytebuddy/byte-buddy/1.15.11/byte-buddy-1.15.11.jar:/home/runner/.m2/repository/org/awaitility/awaitility/4.2.2/awaitility-4.2.2.jar:/home/runner/.m2/repository/org/hamcrest/hamcrest/2.2/hamcrest-2.2.jar:/home/runner/.m2/repository/org/junit/jupiter/junit-jupiter/5.11.4/junit-jupiter-5.11.4.jar:/home/runner/.m2/repository/org/junit/jupiter/junit-jupiter-params/5.11.4/junit-jupiter-params-5.11.4.jar:/home/runner/.m2/repository/org/junit/jupiter/junit-jupiter-engine/5.11.4/junit-jupiter-engine-5.11.4.jar:/home/runner/.m2/repository/org/junit/platform/junit-platform-engine/1.11.4/junit-platform-engine-1.11.4.jar:/home/runner/.m2/repository/org/mockito/mockito-core/5.14.2/mockito-core-5.14.2.jar:/home/runner/.m2/repository/net/bytebuddy/byte-buddy-agent/1.15.11/byte-buddy-agent-1.15.11.jar:/home/runner/.m2/repository/org/objenesis/objenesis/3.3/objenesis-3.3.jar:/home/runner/.m2/repository/org/mockito/mockito-junit-jupiter/5.14.2/mockito-junit-jupiter-5.14.2.jar:/home/runner/.m2/repository/org/skyscreamer/jsonassert/1.5.3/jsonassert-1.5.3.jar:/home/runner/.m2/repository/com/vaadin/external/google/android-json/0.0.20131108.vaadin1/android-json-0.0.20131108.vaadin1.jar:/home/runner/.m2/repository/org/springframework/spring-core/6.2.7/spring-core-6.2.7.jar:/home/runner/.m2/repository/org/springframework/spring-jcl/6.2.7/spring-jcl-6.2.7.jar:/home/runner/.m2/repository/org/springframework/spring-test/6.2.7/spring-test-6.2.7.jar:/home/runner/.m2/repository/org/xmlunit/xmlunit-core/2.10.1/xmlunit-core-2.10.1.jar:/home/runner/.m2/repository/org/apache/commons/commons-lang3/3.17.0/commons-lang3-3.17.0.jar:/home/runner/.m2/repository/org/junit/jupiter/junit-jupiter-api/5.11.4/junit-jupiter-api-5.11.4.jar:/home/runner/.m2/repository/org/opentest4j/opentest4j/1.3.0/opentest4j-1.3.0.jar:/home/runner/.m2/repository/org/junit/platform/junit-platform-commons/1.11.4/junit-platform-commons-1.11.4.jar:/home/runner/.m2/repository/org/apiguardian/apiguardian-api/1.1.2/apiguardian-api-1.1.2.jar:/home/runner/.m2/repository/gpsUtil/gpsUtil/1.0.0/gpsUtil-1.0.0.jar:/home/runner/.m2/repository/com/google/code/findbugs/jsr305/1.3.9/jsr305-1.3.9.jar:/home/runner/.m2/repository/com/google/errorprone/error_prone_annotations/2.0.18/error_prone_annotations-2.0.18.jar:/home/runner/.m2/repository/com/google/j2objc/j2objc-annotations/1.1/j2objc-annotations-1.1.jar:/home/runner/.m2/repository/org/codehaus/mojo/animal-sniffer-annotations/1.14/animal-sniffer-annotations-1.14.jar:/home/runner/.m2/repository/tripPricer/tripPricer/1.0.0/tripPricer-1.0.0.jar:/home/runner/.m2/repository/rewardCentral/rewardCentral/1.0.0/rewardCentral-1.0.0.jar:/home/runner/.m2/repository/org/projectlombok/lombok/1.18.38/lombok-1.18.38.jar:/home/runner/.m2/repository/com/github/ben-manes/caffeine/caffeine/3.1.8/caffeine-3.1.8.jar:/home/runner/.m2/repository/org/checkerframework/checker-qual/3.37.0/checker-qual-3.37.0.jar:"/>
    <property name="sun.cpu.endian" value="little"/>
    <property name="user.home" value="/home/runner"/>
    <property name="user.language" value="en"/>
    <property name="java.specification.vendor" value="Oracle Corporation"/>
    <property name="java.version.date" value="2025-04-15"/>
    <property name="java.home" value="/usr/lib/jvm/temurin-17-jdk-amd64"/>
    <property name="file.separator" value="/"/>
    <property name="basedir" value="/home/runner/work/OC_PROJECT_8/OC_PROJECT_8/TourGuide"/>
    <property name="java.vm.compressedOopsMode" value="Zero based"/>
    <property name="line.separator" value="&#10;"/>
    <property name="java.vm.specification.vendor" value="Oracle Corporation"/>
    <property name="java.specification.name" value="Java Platform API Specification"/>
    <property name="FILE_LOG_CHARSET" value="UTF-8"/>
    <property name="java.awt.headless" value="true"/>
    <property name="surefire.real.class.path" value="/home/runner/work/OC_PROJECT_8/OC_PROJECT_8/TourGuide/target/surefire/surefirebooter-20250619165557185_3.jar"/>
    <property name="sun.management.compiler" value="HotSpot 64-Bit Tiered Compilers"/>
    <property name="java.runtime.version" value="17.0.15+6"/>
    <property name="user.name" value="runner"/>
    <property name="path.separator" value=":"/>
    <property name="os.version" value="6.11.0-1015-azure"/>
    <property name="java.runtime.name" value="OpenJDK Runtime Environment"/>
    <property name="file.encoding" value="UTF-8"/>
    <property name="java.vm.name" value="OpenJDK 64-Bit Server VM"/>
    <property name="java.vendor.version" value="Temurin-17.0.15+6"/>
    <property name="localRepository" value="/home/runner/.m2/repository"/>
    <property name="java.vendor.url.bug" value="https://github.com/adoptium/adoptium-support/issues"/>
    <property name="java.io.tmpdir" value="/tmp"/>
    <property name="java.version" value="17.0.15"/>
    <property name="user.dir" value="/home/runner/work/OC_PROJECT_8/OC_PROJECT_8/TourGuide"/>
    <property name="os.arch" value="amd64"/>
    <property name="java.vm.specification.name" value="Java Virtual Machine Specification"/>
    <property name="PID" value="2293"/>
    <property name="CONSOLE_LOG_CHARSET" value="UTF-8"/>
    <property name="native.encoding" value="UTF-8"/>
    <property name="java.library.path" value="/usr/java/packages/lib:/usr/lib64:/lib64:/lib:/usr/lib"/>
    <property name="java.vm.info" value="mixed mode, sharing"/>
    <property name="java.vendor" value="Eclipse Adoptium"/>
    <property name="java.vm.version" value="17.0.15+6"/>
    <property name="java.specification.maintenance.version" value="1"/>
    <property name="sun.io.unicode.encoding" value="UnicodeLittle"/>
    <property name="java.class.version" value="61.0"/>
  </properties>
  <testcase name="highVolumeTrackLocation" classname="com.openclassrooms.tourguide.unitaire.TestPerformance" time="206.774">
    <system-out><![CDATA[16:56:04.029 [main] INFO  c.o.t.unitaire.TestPerformance - Initializing ExecutorService
16:56:04.331 [main] INFO  c.o.t.unitaire.TestPerformance - Tracking 100000 users...
16:56:30.082 [pool-5-thread-135] INFO  c.o.tourguide.service.RewardsService - Processing rewards for user: internalUser88851
16:56:38.421 [pool-5-thread-23] INFO  c.o.tourguide.service.RewardsService - Processing rewards for user: internalUser4770
16:56:40.247 [pool-5-thread-45] INFO  c.o.tourguide.service.RewardsService - Processing rewards for user: internalUser74907
16:56:42.249 [pool-5-thread-71] INFO  c.o.tourguide.service.RewardsService - Processing rewards for user: internalUser54310
16:56:48.050 [pool-5-thread-1] INFO  c.o.tourguide.service.RewardsService - Processing rewards for user: internalUser20256
16:57:04.905 [pool-5-thread-123] INFO  c.o.tourguide.service.RewardsService - Processing rewards for user: internalUser95266
16:57:11.746 [pool-5-thread-102] INFO  c.o.tourguide.service.RewardsService - Processing rewards for user: internalUser55022
16:57:28.303 [pool-5-thread-148] INFO  c.o.tourguide.service.RewardsService - Processing rewards for user: internalUser6939
16:57:31.985 [pool-5-thread-38] INFO  c.o.tourguide.service.RewardsService - Processing rewards for user: internalUser96627
16:57:38.219 [pool-5-thread-43] INFO  c.o.tourguide.service.RewardsService - Processing rewards for user: internalUser81561
16:58:05.625 [pool-5-thread-47] INFO  c.o.tourguide.service.RewardsService - Processing rewards for user: internalUser82456
16:58:28.406 [pool-5-thread-46] INFO  c.o.tourguide.service.RewardsService - Processing rewards for user: internalUser44962
16:58:35.221 [pool-5-thread-67] INFO  c.o.tourguide.service.RewardsService - Processing rewards for user: internalUser400
16:58:43.153 [pool-5-thread-76] INFO  c.o.tourguide.service.RewardsService - Processing rewards for user: internalUser12426
16:58:55.482 [pool-5-thread-5] INFO  c.o.tourguide.service.RewardsService - Processing rewards for user: internalUser71039
16:59:16.325 [pool-5-thread-140] INFO  c.o.tourguide.service.RewardsService - Processing rewards for user: internalUser72889
16:59:29.274 [pool-5-thread-68] INFO  c.o.tourguide.service.RewardsService - Processing rewards for user: internalUser52066
16:59:30.799 [main] INFO  c.o.t.unitaire.TestPerformance - ===== FINAL RESULT =====
16:59:30.800 [main] INFO  c.o.t.unitaire.TestPerformance - highVolumeTrackLocation: Time Elapsed: 206 seconds.
]]></system-out>
  </testcase>
  <testcase name="highVolumeGetRewards" classname="com.openclassrooms.tourguide.unitaire.TestPerformance" time="401.34">
    <system-out><![CDATA[16:59:30.979 [main] INFO  c.o.t.unitaire.TestPerformance - Tracking 100000 users...
16:59:35.739 [pool-5-thread-20] INFO  c.o.t.unitaire.TestPerformance - All rewards calculated
16:59:39.758 [pool-5-thread-42] INFO  c.o.t.unitaire.TestPerformance - All rewards calculated
16:59:40.564 [pool-5-thread-72] INFO  c.o.tourguide.service.RewardsService - Processing rewards for user: internalUser87430
16:59:41.797 [pool-5-thread-15] INFO  c.o.tourguide.service.RewardsService - Processing rewards for user: internalUser87346
16:59:43.827 [pool-5-thread-80] INFO  c.o.t.unitaire.TestPerformance - All rewards calculated
16:59:47.804 [pool-5-thread-19] INFO  c.o.t.unitaire.TestPerformance - All rewards calculated
16:59:51.783 [pool-5-thread-59] INFO  c.o.t.unitaire.TestPerformance - All rewards calculated
16:59:53.321 [pool-5-thread-94] INFO  c.o.tourguide.service.RewardsService - Processing rewards for user: internalUser48556
16:59:55.735 [pool-5-thread-134] INFO  c.o.t.unitaire.TestPerformance - All rewards calculated
16:59:59.749 [pool-5-thread-111] INFO  c.o.t.unitaire.TestPerformance - All rewards calculated
17:00:03.664 [pool-5-thread-115] INFO  c.o.t.unitaire.TestPerformance - All rewards calculated
17:00:07.725 [pool-5-thread-44] INFO  c.o.t.unitaire.TestPerformance - All rewards calculated
17:00:11.735 [pool-5-thread-1] INFO  c.o.t.unitaire.TestPerformance - All rewards calculated
17:00:15.837 [pool-5-thread-103] INFO  c.o.t.unitaire.TestPerformance - All rewards calculated
17:00:19.844 [pool-5-thread-59] INFO  c.o.t.unitaire.TestPerformance - All rewards calculated
17:00:23.834 [pool-5-thread-37] INFO  c.o.t.unitaire.TestPerformance - All rewards calculated
17:00:27.872 [pool-5-thread-27] INFO  c.o.t.unitaire.TestPerformance - All rewards calculated
17:00:31.759 [pool-5-thread-55] INFO  c.o.t.unitaire.TestPerformance - All rewards calculated
17:00:35.750 [pool-5-thread-73] INFO  c.o.t.unitaire.TestPerformance - All rewards calculated
17:00:39.789 [pool-5-thread-25] INFO  c.o.t.unitaire.TestPerformance - All rewards calculated
17:00:43.843 [pool-5-thread-42] INFO  c.o.t.unitaire.TestPerformance - All rewards calculated
17:00:47.832 [pool-5-thread-76] INFO  c.o.t.unitaire.TestPerformance - All rewards calculated
17:00:51.862 [pool-5-thread-38] INFO  c.o.t.unitaire.TestPerformance - All rewards calculated
17:00:55.925 [pool-5-thread-45] INFO  c.o.t.unitaire.TestPerformance - All rewards calculated
17:00:56.810 [pool-5-thread-88] INFO  c.o.tourguide.service.RewardsService - Processing rewards for user: internalUser68161
17:00:59.978 [pool-5-thread-27] INFO  c.o.t.unitaire.TestPerformance - All rewards calculated
17:01:04.032 [pool-5-thread-124] INFO  c.o.t.unitaire.TestPerformance - All rewards calculated
17:01:08.060 [pool-5-thread-7] INFO  c.o.t.unitaire.TestPerformance - All rewards calculated
17:01:12.079 [pool-5-thread-66] INFO  c.o.t.unitaire.TestPerformance - All rewards calculated
17:01:16.003 [pool-5-thread-29] INFO  c.o.t.unitaire.TestPerformance - All rewards calculated
17:01:16.945 [pool-5-thread-101] INFO  c.o.tourguide.service.RewardsService - Processing rewards for user: internalUser75776
17:01:20.039 [pool-5-thread-91] INFO  c.o.t.unitaire.TestPerformance - All rewards calculated
17:01:24.070 [pool-5-thread-53] INFO  c.o.t.unitaire.TestPerformance - All rewards calculated
17:01:28.024 [pool-5-thread-88] INFO  c.o.t.unitaire.TestPerformance - All rewards calculated
17:01:29.999 [pool-5-thread-96] INFO  c.o.tourguide.service.RewardsService - Processing rewards for user: internalUser36798
17:01:31.958 [pool-5-thread-69] INFO  c.o.t.unitaire.TestPerformance - All rewards calculated
17:01:36.049 [pool-5-thread-3] INFO  c.o.t.unitaire.TestPerformance - All rewards calculated
17:01:40.110 [pool-5-thread-89] INFO  c.o.t.unitaire.TestPerformance - All rewards calculated
17:01:44.151 [pool-5-thread-84] INFO  c.o.t.unitaire.TestPerformance - All rewards calculated
17:01:45.577 [pool-5-thread-3] INFO  c.o.tourguide.service.RewardsService - Processing rewards for user: internalUser94485
17:01:45.951 [pool-5-thread-74] INFO  c.o.tourguide.service.RewardsService - Processing rewards for user: internalUser69418
17:01:48.160 [pool-5-thread-148] INFO  c.o.t.unitaire.TestPerformance - All rewards calculated
17:01:52.133 [pool-5-thread-75] INFO  c.o.t.unitaire.TestPerformance - All rewards calculated
17:01:55.968 [pool-5-thread-88] INFO  c.o.t.unitaire.TestPerformance - All rewards calculated
17:01:59.921 [pool-5-thread-20] INFO  c.o.t.unitaire.TestPerformance - All rewards calculated
17:02:04.027 [pool-5-thread-128] INFO  c.o.t.unitaire.TestPerformance - All rewards calculated
17:02:08.107 [pool-5-thread-72] INFO  c.o.t.unitaire.TestPerformance - All rewards calculated
17:02:11.984 [pool-5-thread-114] INFO  c.o.t.unitaire.TestPerformance - All rewards calculated
17:02:15.914 [pool-5-thread-39] INFO  c.o.t.unitaire.TestPerformance - All rewards calculated
17:02:20.003 [pool-5-thread-46] INFO  c.o.t.unitaire.TestPerformance - All rewards calculated
17:02:22.064 [pool-5-thread-34] INFO  c.o.tourguide.service.RewardsService - Processing rewards for user: internalUser23410
17:02:24.066 [pool-5-thread-59] INFO  c.o.t.unitaire.TestPerformance - All rewards calculated
17:02:28.045 [pool-5-thread-117] INFO  c.o.t.unitaire.TestPerformance - All rewards calculated
17:02:32.025 [pool-5-thread-136] INFO  c.o.t.unitaire.TestPerformance - All rewards calculated
17:02:36.075 [pool-5-thread-10] INFO  c.o.t.unitaire.TestPerformance - All rewards calculated
17:02:40.075 [pool-5-thread-75] INFO  c.o.t.unitaire.TestPerformance - All rewards calculated
17:02:44.043 [pool-5-thread-20] INFO  c.o.t.unitaire.TestPerformance - All rewards calculated
17:02:48.033 [pool-5-thread-119] INFO  c.o.t.unitaire.TestPerformance - All rewards calculated
17:02:52.031 [pool-5-thread-49] INFO  c.o.t.unitaire.TestPerformance - All rewards calculated
17:02:56.116 [pool-5-thread-24] INFO  c.o.t.unitaire.TestPerformance - All rewards calculated
17:03:00.095 [pool-5-thread-95] INFO  c.o.t.unitaire.TestPerformance - All rewards calculated
17:03:04.074 [pool-5-thread-148] INFO  c.o.t.unitaire.TestPerformance - All rewards calculated
17:03:08.112 [pool-5-thread-62] INFO  c.o.t.unitaire.TestPerformance - All rewards calculated
17:03:12.022 [pool-5-thread-95] INFO  c.o.t.unitaire.TestPerformance - All rewards calculated
17:03:16.096 [pool-5-thread-128] INFO  c.o.t.unitaire.TestPerformance - All rewards calculated
17:03:18.596 [pool-5-thread-103] INFO  c.o.tourguide.service.RewardsService - Processing rewards for user: internalUser82869
17:03:20.130 [pool-5-thread-106] INFO  c.o.t.unitaire.TestPerformance - All rewards calculated
17:03:24.173 [pool-5-thread-121] INFO  c.o.t.unitaire.TestPerformance - All rewards calculated
17:03:26.652 [pool-5-thread-147] INFO  c.o.tourguide.service.RewardsService - Processing rewards for user: internalUser63228
17:03:28.231 [pool-5-thread-26] INFO  c.o.t.unitaire.TestPerformance - All rewards calculated
17:03:32.172 [pool-5-thread-134] INFO  c.o.t.unitaire.TestPerformance - All rewards calculated
17:03:36.057 [pool-5-thread-114] INFO  c.o.t.unitaire.TestPerformance - All rewards calculated
17:03:40.212 [pool-5-thread-116] INFO  c.o.t.unitaire.TestPerformance - All rewards calculated
17:03:44.224 [pool-5-thread-68] INFO  c.o.t.unitaire.TestPerformance - All rewards calculated
17:03:48.265 [pool-5-thread-133] INFO  c.o.t.unitaire.TestPerformance - All rewards calculated
17:03:50.454 [pool-5-thread-20] INFO  c.o.tourguide.service.RewardsService - Processing rewards for user: internalUser25148
17:03:52.246 [pool-5-thread-1] INFO  c.o.t.unitaire.TestPerformance - All rewards calculated
17:03:56.285 [pool-5-thread-45] INFO  c.o.t.unitaire.TestPerformance - All rewards calculated
17:04:00.247 [pool-5-thread-7] INFO  c.o.t.unitaire.TestPerformance - All rewards calculated
17:04:04.263 [pool-5-thread-98] INFO  c.o.t.unitaire.TestPerformance - All rewards calculated
17:04:07.210 [pool-5-thread-128] INFO  c.o.tourguide.service.RewardsService - Processing rewards for user: internalUser25920
17:04:08.260 [pool-5-thread-96] INFO  c.o.t.unitaire.TestPerformance - All rewards calculated
17:04:08.690 [pool-5-thread-71] INFO  c.o.tourguide.service.RewardsService - Processing rewards for user: internalUser78201
17:04:12.220 [pool-5-thread-90] INFO  c.o.t.unitaire.TestPerformance - All rewards calculated
17:04:16.162 [pool-5-thread-94] INFO  c.o.t.unitaire.TestPerformance - All rewards calculated
17:04:20.251 [pool-5-thread-126] INFO  c.o.t.unitaire.TestPerformance - All rewards calculated
17:04:20.965 [pool-5-thread-149] INFO  c.o.tourguide.service.RewardsService - Processing rewards for user: internalUser58939
17:04:24.247 [pool-5-thread-126] INFO  c.o.t.unitaire.TestPerformance - All rewards calculated
17:04:28.175 [pool-5-thread-18] INFO  c.o.t.unitaire.TestPerformance - All rewards calculated
17:04:32.026 [pool-5-thread-16] INFO  c.o.t.unitaire.TestPerformance - All rewards calculated
17:04:34.238 [pool-5-thread-26] INFO  c.o.tourguide.service.RewardsService - Processing rewards for user: internalUser30641
17:04:35.869 [pool-5-thread-79] INFO  c.o.t.unitaire.TestPerformance - All rewards calculated
17:04:39.905 [pool-5-thread-146] INFO  c.o.t.unitaire.TestPerformance - All rewards calculated
17:04:43.909 [pool-5-thread-10] INFO  c.o.t.unitaire.TestPerformance - All rewards calculated
17:04:46.499 [pool-5-thread-14] INFO  c.o.tourguide.service.RewardsService - Processing rewards for user: internalUser51539
17:04:47.964 [pool-5-thread-150] INFO  c.o.t.unitaire.TestPerformance - All rewards calculated
17:04:51.959 [pool-5-thread-43] INFO  c.o.t.unitaire.TestPerformance - All rewards calculated
17:04:56.004 [pool-5-thread-60] INFO  c.o.t.unitaire.TestPerformance - All rewards calculated
17:05:00.068 [pool-5-thread-124] INFO  c.o.t.unitaire.TestPerformance - All rewards calculated
17:05:00.587 [pool-5-thread-97] INFO  c.o.tourguide.service.RewardsService - Processing rewards for user: internalUser71091
17:05:04.135 [pool-5-thread-37] INFO  c.o.t.unitaire.TestPerformance - All rewards calculated
17:05:08.142 [pool-5-thread-37] INFO  c.o.t.unitaire.TestPerformance - All rewards calculated
17:05:12.090 [pool-5-thread-25] INFO  c.o.t.unitaire.TestPerformance - All rewards calculated
17:05:16.165 [pool-5-thread-16] INFO  c.o.t.unitaire.TestPerformance - All rewards calculated
17:05:20.154 [pool-5-thread-96] INFO  c.o.t.unitaire.TestPerformance - All rewards calculated
17:05:24.276 [pool-5-thread-36] INFO  c.o.t.unitaire.TestPerformance - All rewards calculated
17:05:28.284 [pool-5-thread-28] INFO  c.o.t.unitaire.TestPerformance - All rewards calculated
17:05:32.238 [pool-5-thread-136] INFO  c.o.t.unitaire.TestPerformance - All rewards calculated
17:05:33.067 [pool-5-thread-103] INFO  c.o.tourguide.service.RewardsService - Processing rewards for user: internalUser13422
17:05:36.276 [pool-5-thread-55] INFO  c.o.t.unitaire.TestPerformance - All rewards calculated
17:05:40.377 [pool-5-thread-142] INFO  c.o.t.unitaire.TestPerformance - All rewards calculated
17:05:44.380 [pool-5-thread-25] INFO  c.o.t.unitaire.TestPerformance - All rewards calculated
17:05:48.397 [pool-5-thread-22] INFO  c.o.t.unitaire.TestPerformance - All rewards calculated
17:05:52.277 [pool-5-thread-119] INFO  c.o.t.unitaire.TestPerformance - All rewards calculated
17:05:56.330 [pool-5-thread-25] INFO  c.o.t.unitaire.TestPerformance - All rewards calculated
17:06:00.393 [pool-5-thread-128] INFO  c.o.t.unitaire.TestPerformance - All rewards calculated
17:06:01.890 [pool-5-thread-50] INFO  c.o.tourguide.service.RewardsService - Processing rewards for user: internalUser52542
17:06:04.283 [pool-5-thread-67] INFO  c.o.t.unitaire.TestPerformance - All rewards calculated
17:06:08.199 [pool-5-thread-91] INFO  c.o.t.unitaire.TestPerformance - All rewards calculated
17:06:12.143 [pool-5-thread-51] INFO  c.o.t.unitaire.TestPerformance - All rewards calculated
17:06:12.143 [main] INFO  c.o.t.unitaire.TestPerformance - ===== FINAL RESULT =====
17:06:12.143 [main] INFO  c.o.t.unitaire.TestPerformance - highVolumeGetRewards: Time Elapsed: 401 seconds.
]]></system-out>
  </testcase>
</testsuite>